  buttons.cpp
  cutters.cpp
  draw.cpp
  draw_file.cpp
  draw_game_end.cpp
  game.cpp
C:\Users\DARYA\Documents\GitHub\Wasp\saper\game.cpp(12,75): warning C4101: l: неиспользованная локальная переменная
C:\Users\DARYA\Documents\GitHub\Wasp\saper\game.cpp(4,50): warning C4101: near: неиспользованная локальная переменная
  mouse_handle.cpp
C:\Users\DARYA\Documents\GitHub\Wasp\saper\mouse_handle.cpp(16,25): warning C4553: "==": результат выражения не используется; вы хотели использовать "="?
C:\Users\DARYA\Documents\GitHub\Wasp\saper\mouse_handle.cpp(27,58): warning C4267: аргумент: преобразование из "size_t" в "int"; возможна потеря данных
C:\Users\DARYA\Documents\GitHub\Wasp\saper\mouse_handle.cpp(28,67): warning C4267: аргумент: преобразование из "size_t" в "int"; возможна потеря данных
  pics.cpp
  pics2.cpp
  saper.cpp
  saper2.cpp
  scenes.cpp
  tempt.cpp
  Создание кода...
  saper.vcxproj -> C:\Users\DARYA\Documents\GitHub\Wasp\saper\x64\Debug\saper.exe
